# JRE version: Java(TM) SE Runtime Environment (10.0.2+13) (build 10.0.2+13)
# Java VM: Java HotSpot(TM) 64-Bit Server VM (10.0.2+13, mixed mode, tiered, compressed oops, g1 gc, windows-amd64)
Heap:
 garbage-first heap   total 129024K, used 35381K [0x0000000082400000, 0x0000000100000000)
  region size 1024K, 19 young (19456K), 3 survivors (3072K)
 Metaspace       used 24842K, capacity 25712K, committed 25984K, reserved 1071104K
  class space    used 3310K, capacity 3709K, committed 3712K, reserved 1048576K
GC Heap History (6 events):
Event: 0.531 GC heap before
{Heap before GC invocations=0 (full 0):
 garbage-first heap   total 129024K, used 14336K [0x0000000082400000, 0x0000000100000000)
  region size 1024K, 14 young (14336K), 0 survivors (0K)
 Metaspace       used 12635K, capacity 12930K, committed 13184K, reserved 1060864K
  class space    used 1476K, capacity 1633K, committed 1664K, reserved 1048576K
}
Event: 0.536 GC heap after
{Heap after GC invocations=1 (full 0):
 garbage-first heap   total 129024K, used 3877K [0x0000000082400000, 0x0000000100000000)
  region size 1024K, 2 young (2048K), 2 survivors (2048K)
 Metaspace       used 12635K, capacity 12930K, committed 13184K, reserved 1060864K
  class space    used 1476K, capacity 1633K, committed 1664K, reserved 1048576K
}
Event: 0.694 GC heap before
{Heap before GC invocations=1 (full 0):
 garbage-first heap   total 129024K, used 8997K [0x0000000082400000, 0x0000000100000000)
  region size 1024K, 7 young (7168K), 2 survivors (2048K)
 Metaspace       used 15713K, capacity 16174K, committed 16384K, reserved 1062912K
  class space    used 1979K, capacity 2196K, committed 2304K, reserved 1048576K
}
Event: 0.699 GC heap after
{Heap after GC invocations=2 (full 0):
 garbage-first heap   total 129024K, used 5469K [0x0000000082400000, 0x0000000100000000)
  region size 1024K, 1 young (1024K), 1 survivors (1024K)
 Metaspace       used 15713K, capacity 16174K, committed 16384K, reserved 1062912K
  class space    used 1979K, capacity 2196K, committed 2304K, reserved 1048576K
}
Event: 1.461 GC heap before
{Heap before GC invocations=2 (full 0):
 garbage-first heap   total 129024K, used 15709K [0x0000000082400000, 0x0000000100000000)
  region size 1024K, 9 young (9216K), 1 survivors (1024K)
 Metaspace       used 20402K, capacity 21071K, committed 21296K, reserved 1067008K
  class space    used 2795K, capacity 3122K, committed 3200K, reserved 1048576K
}
Event: 1.464 GC heap after
{Heap after GC invocations=3 (full 0):
 garbage-first heap   total 129024K, used 9781K [0x0000000082400000, 0x0000000100000000)
  region size 1024K, 3 young (3072K), 3 survivors (3072K)
 Metaspace       used 20402K, capacity 21071K, committed 21296K, reserved 1067008K
  class space    used 2795K, capacity 3122K, committed 3200K, reserved 1048576K
}

